<?xml version="1.0" encoding="UTF-8"?>
<testng-results skipped="0" failed="0" ignored="0" total="2" passed="2">
  <reporter-output>
  </reporter-output>
  <suite name="Default suite" duration-ms="28181" started-at="2017-10-11T09:07:37Z" finished-at="2017-10-11T09:08:05Z">
    <groups>
    </groups>
    <test name="Default test" duration-ms="28181" started-at="2017-10-11T09:07:37Z" finished-at="2017-10-11T09:08:05Z">
      <class name="com.metacube.testNg.SignInTesting">
        <test-method status="PASS" signature="setUp()[pri:0, instance:com.metacube.testNg.SignInTesting@eff760]" name="setUp" is-config="true" duration-ms="4769" started-at="2017-10-11T14:37:37Z" finished-at="2017-10-11T14:37:41Z">
          <reporter-output>
          </reporter-output>
        </test-method> <!-- setUp -->
        <test-method status="PASS" signature="test2()[pri:0, instance:com.metacube.testNg.SignInTesting@eff760]" name="test2" duration-ms="14912" started-at="2017-10-11T14:37:41Z" finished-at="2017-10-11T14:37:56Z">
          <reporter-output>
          </reporter-output>
        </test-method> <!-- test2 -->
        <test-method status="PASS" signature="test1()[pri:1, instance:com.metacube.testNg.SignInTesting@eff760]" name="test1" duration-ms="5029" started-at="2017-10-11T14:37:56Z" finished-at="2017-10-11T14:38:01Z">
          <reporter-output>
          </reporter-output>
        </test-method> <!-- test1 -->
        <test-method status="PASS" signature="tearDown()[pri:0, instance:com.metacube.testNg.SignInTesting@eff760]" name="tearDown" is-config="true" duration-ms="3424" started-at="2017-10-11T14:38:01Z" finished-at="2017-10-11T14:38:05Z">
          <reporter-output>
          </reporter-output>
        </test-method> <!-- tearDown -->
      </class> <!-- com.metacube.testNg.SignInTesting -->
    </test> <!-- Default test -->
  </suite> <!-- Default suite -->
</testng-results>
